<?xml version="1.0" encoding="UTF-8"?>
<testng-results ignored="0" total="2" passed="2" failed="0" skipped="0">
  <reporter-output>
  </reporter-output>
  <suite started-at="2019-12-07T04:55:51Z" name="Surefire suite" finished-at="2019-12-07T04:55:51Z" duration-ms="26">
    <groups>
    </groups>
    <test started-at="2019-12-07T04:55:51Z" name="Surefire test" finished-at="2019-12-07T04:55:51Z" duration-ms="26">
      <class name="qaclickacademy.AppiumTest">
        <test-method signature="IOsApps()[pri:0, instance:qaclickacademy.AppiumTest@5f058f00]" started-at="2019-12-07T04:55:51Z" name="IOsApps" finished-at="2019-12-07T04:55:51Z" duration-ms="4" status="PASS">
          <reporter-output>
          </reporter-output>
        </test-method> <!-- IOsApps -->
        <test-method signature="nativeAppAndriod()[pri:0, instance:qaclickacademy.AppiumTest@5f058f00]" started-at="2019-12-07T04:55:51Z" name="nativeAppAndriod" finished-at="2019-12-07T04:55:51Z" duration-ms="0" status="PASS">
          <reporter-output>
          </reporter-output>
        </test-method> <!-- nativeAppAndriod -->
      </class> <!-- qaclickacademy.AppiumTest -->
    </test> <!-- Surefire test -->
  </suite> <!-- Surefire suite -->
</testng-results>
