<?xml version="1.0" encoding="UTF-8"?>
<!-- Generated by org.testng.reporters.JUnitXMLReporter -->
<testsuite ignored="0" hostname="Mohameds-MacBook-Pro.local" failures="0" tests="6" name="Test" time="0.029" errors="0" timestamp="08 Dec 2019 03:37:37 GMT">
  <testcase classname="qaclickacademy.SeleniumTest" name="BrowserAutomation" time="0.004"/>
  <testcase classname="qaclickacademy.SeleniumTest" name="ElementsUI" time="0.001"/>
  <testcase classname="qaclickacademy.AppiumTest" name="IOsApps" time="0.001"/>
  <testcase classname="qaclickacademy.AppiumTest" name="nativeAppAndriod" time="0.001"/>
  <testcase classname="qaclickacademy.RestApiTest" name="PostJira" time="0.001"/>
  <testcase classname="qaclickacademy.RestApiTest" name="TwitterDeleteTestCase" time="0.0"/>
</testsuite> <!-- Test -->
