<?xml version="1.0" encoding="UTF-8"?>
<!-- Generated by org.testng.reporters.JUnitXMLReporter -->
<testsuite ignored="0" hostname="Mohameds-MacBook-Pro.local" failures="0" tests="4" name="Test" time="0.024" errors="0" timestamp="07 Dec 2019 04:49:31 GMT">
  <testcase classname="qaclickacademy.SeleniumTest" name="BrowserAutomation" time="0.004"/>
  <testcase classname="qaclickacademy.SeleniumTest" name="ElementsUI" time="0.0"/>
  <testcase classname="qaclickacademy.AppiumTest" name="IOsApps" time="0.001"/>
  <testcase classname="qaclickacademy.AppiumTest" name="nativeAppAndriod" time="0.0"/>
</testsuite> <!-- Test -->
